<?xml version="1.0" encoding="UTF-8"?>
<!-- Generated by org.testng.reporters.JUnitReportReporter -->
<testsuite hostname="LAPTOP-JEHMIHE9" failures="0" tests="4" name="testNgFreamework.DataProviderAnnotation" time="52.318" errors="0" timestamp="2023-08-08T17:46:27 IST" skipped="0">
  <testcase classname="testNgFreamework.DataProviderAnnotation" name="a1" time="13.013"/>
  <system-out/>
  <testcase classname="testNgFreamework.DataProviderAnnotation" name="a1" time="10.556"/>
  <system-out/>
  <testcase classname="testNgFreamework.DataProviderAnnotation" name="a1" time="15.197"/>
  <system-out/>
  <testcase classname="testNgFreamework.DataProviderAnnotation" name="a1" time="13.552"/>
  <system-out/>
</testsuite> <!-- testNgFreamework.DataProviderAnnotation -->
