<?xml version="1.0" encoding="UTF-8"?>
<!-- Generated by org.testng.reporters.JUnitReportReporter -->
<testsuite hostname="LAPTOP-JEHMIHE9" failures="0" tests="2" name="testNgFreamework.DataProviderAnnotation1" time="24.592" errors="0" timestamp="2023-08-08T18:12:12 IST" skipped="0">
  <testcase classname="testNgFreamework.DataProviderAnnotation1" name="t1" time="12.672"/>
  <system-out/>
  <testcase classname="testNgFreamework.DataProviderAnnotation1" name="t1" time="11.920"/>
  <system-out/>
</testsuite> <!-- testNgFreamework.DataProviderAnnotation1 -->
