<?xml version="1.0" encoding="UTF-8"?>
<!-- Generated by org.testng.reporters.JUnitReportReporter -->
<testsuite hostname="LAPTOP-JEHMIHE9" failures="0" tests="3" name="testNgFreamework.FaceBookOpenProgram" time="35.652" errors="0" timestamp="2023-08-07T19:02:32 IST" skipped="0">
  <testcase classname="testNgFreamework.FaceBookOpenProgram" name="a1" time="10.825"/>
  <system-out/>
  <testcase classname="testNgFreamework.FaceBookOpenProgram" name="a3" time="11.769"/>
  <system-out/>
  <testcase classname="testNgFreamework.FaceBookOpenProgram" name="a2" time="13.058"/>
  <system-out/>
</testsuite> <!-- testNgFreamework.FaceBookOpenProgram -->
