<?xml version="1.0" encoding="UTF-8"?>
<!-- Generated by org.testng.reporters.JUnitReportReporter -->
<testsuite hostname="LAPTOP-JEHMIHE9" failures="0" tests="1" name="testNgFreamework.IntenetSpeed" time="23.596" errors="0" timestamp="2023-08-07T18:27:00 IST" skipped="0">
  <testcase classname="testNgFreamework.IntenetSpeed" name="a1" time="23.596"/>
  <system-out/>
</testsuite> <!-- testNgFreamework.IntenetSpeed -->
