<?xml version="1.0" encoding="UTF-8"?>
<!-- Generated by org.testng.reporters.JUnitReportReporter -->
<testsuite hostname="LAPTOP-JEHMIHE9" failures="0" tests="3" name="testNgFreamework.BeforeTestCases" time="0.024" errors="0" timestamp="2023-09-16T15:40:18 IST" skipped="0">
  <testcase classname="testNgFreamework.BeforeTestCases" name="t3" time="0.015"/>
  <system-out/>
  <testcase classname="testNgFreamework.BeforeTestCases" name="t2" time="0.005"/>
  <system-out/>
  <testcase classname="testNgFreamework.BeforeTestCases" name="t1" time="0.004"/>
  <system-out/>
</testsuite> <!-- testNgFreamework.BeforeTestCases -->
