<?xml version="1.0" encoding="UTF-8"?>
<!-- Generated by org.testng.reporters.JUnitReportReporter -->
<testsuite hostname="LAPTOP-JEHMIHE9" failures="0" tests="3" name="testNgFreamework.TestNgFirstProgram" time="0.032" errors="0" timestamp="2023-08-06T23:43:10 IST" skipped="0">
  <testcase classname="testNgFreamework.TestNgFirstProgram" name="a2" time="0.003"/>
  <system-out/>
  <testcase classname="testNgFreamework.TestNgFirstProgram" name="a1" time="0.024"/>
  <system-out/>
  <testcase classname="testNgFreamework.TestNgFirstProgram" name="a3" time="0.005"/>
  <system-out/>
</testsuite> <!-- testNgFreamework.TestNgFirstProgram -->
